[<postion object : 0, 4>	int	 'int' ]
[<postion object : 0, 7>	id	 'get' ]
[<postion object : 0, 8>	(	 '(' ]
[<postion object : 0, 12>	int	 'int' ]
[<postion object : 0, 13>	id	 'a' ]
[<postion object : 0, 14>	,	 ',' ]
[<postion object : 0, 19>	int	 'int' ]
[<postion object : 0, 20>	id	 'b' ]
[<postion object : 0, 21>	,	 ',' ]
[<postion object : 0, 26>	int	 'int' ]
[<postion object : 0, 27>	id	 'c' ]
[<postion object : 0, 28>	)	 ')' ]
[<postion object : 0, 29>	{	 '{' ]
[<postion object : 1, 6>	id	 'a' ]
[<postion object : 1, 7>	=	 '=' ]
[<postion object : 1, 10>	id	 'b' ]
[<postion object : 1, 11>	+	 '+' ]
[<postion object : 1, 13>	id	 'c' ]
[<postion object : 1, 14>	;	 ';' ]
[<postion object : 2, 1>	}	 '}' ]
[<postion object : 3, 4>	int	 'int' ]
[<postion object : 3, 7>	id	 'put' ]
[<postion object : 3, 8>	(	 '(' ]
[<postion object : 3, 12>	int	 'int' ]
[<postion object : 3, 13>	id	 'd' ]
[<postion object : 3, 14>	)	 ')' ]
[<postion object : 3, 15>	{	 '{' ]
[<postion object : 4, 6>	id	 'd' ]
[<postion object : 4, 8>	+=	 '+=' ]
[<postion object : 4, 10>	NUM	 '1' ]
[<postion object : 4, 11>	;	 ';' ]
[<postion object : 5, 1>	}	 '}' ]
[<postion object : 6, 4>	int	 'int' ]
[<postion object : 6, 8>	id	 'num1' ]
[<postion object : 6, 9>	,	 ',' ]
[<postion object : 6, 13>	id	 'num2' ]
[<postion object : 6, 14>	,	 ',' ]
[<postion object : 6, 16>	id	 'op' ]
[<postion object : 6, 17>	,	 ',' ]
[<postion object : 6, 20>	id	 'ans' ]
[<postion object : 6, 21>	,	 ',' ]
[<postion object : 6, 22>	id	 'i' ]
[<postion object : 6, 23>	;	 ';' ]
[<postion object : 7, 3>	id	 'get' ]
[<postion object : 7, 4>	(	 '(' ]
[<postion object : 7, 8>	id	 'num1' ]
[<postion object : 7, 9>	,	 ',' ]
[<postion object : 7, 13>	id	 'num2' ]
[<postion object : 7, 14>	,	 ',' ]
[<postion object : 7, 16>	id	 'op' ]
[<postion object : 7, 17>	)	 ')' ]
[<postion object : 7, 18>	;	 ';' ]
[<postion object : 8, 3>	for	 'for' ]
[<postion object : 8, 4>	(	 '(' ]
[<postion object : 8, 5>	id	 'i' ]
[<postion object : 8, 6>	=	 '=' ]
[<postion object : 8, 7>	NUM	 '0' ]
[<postion object : 8, 8>	;	 ';' ]
[<postion object : 8, 9>	id	 'i' ]
[<postion object : 8, 10>	<	 '<' ]
[<postion object : 8, 12>	NUM	 '10' ]
[<postion object : 8, 13>	;	 ';' ]
[<postion object : 8, 14>	id	 'i' ]
[<postion object : 8, 16>	++	 '++' ]
[<postion object : 8, 17>	)	 ')' ]
[<postion object : 8, 18>	{	 '{' ]
[<postion object : 8, 19>	}	 '}' ]
[<postion object : 9, 2>	if	 'if' ]
[<postion object : 9, 3>	(	 '(' ]
[<postion object : 9, 5>	id	 'op' ]
[<postion object : 9, 7>	==	 '==' ]
[<postion object : 9, 8>	NUM	 '0' ]
[<postion object : 9, 9>	)	 ')' ]
[<postion object : 10, 1>	{	 '{' ]
[<postion object : 11, 8>	id	 'ans' ]
[<postion object : 11, 9>	=	 '=' ]
[<postion object : 11, 15>	id	 'num1' ]
[<postion object : 11, 16>	+	 '+' ]
[<postion object : 11, 21>	id	 'num2' ]
[<postion object : 11, 22>	;	 ';' ]
[<postion object : 12, 1>	}	 '}' ]
[<postion object : 13, 2>	if	 'if' ]
[<postion object : 13, 3>	(	 '(' ]
[<postion object : 13, 5>	id	 'op' ]
[<postion object : 13, 7>	==	 '==' ]
[<postion object : 13, 8>	NUM	 '1' ]
[<postion object : 13, 9>	)	 ')' ]
[<postion object : 14, 1>	{	 '{' ]
[<postion object : 15, 8>	id	 'ans' ]
[<postion object : 15, 9>	=	 '=' ]
[<postion object : 15, 15>	id	 'num1' ]
[<postion object : 15, 16>	-	 '-' ]
[<postion object : 15, 21>	id	 'num2' ]
[<postion object : 15, 22>	;	 ';' ]
[<postion object : 16, 1>	}	 '}' ]
[<postion object : 17, 2>	if	 'if' ]
[<postion object : 17, 3>	(	 '(' ]
[<postion object : 17, 5>	id	 'op' ]
[<postion object : 17, 7>	==	 '==' ]
[<postion object : 17, 8>	NUM	 '2' ]
[<postion object : 17, 9>	)	 ')' ]
[<postion object : 18, 1>	{	 '{' ]
[<postion object : 19, 8>	id	 'ans' ]
[<postion object : 19, 9>	=	 '=' ]
[<postion object : 19, 15>	id	 'num1' ]
[<postion object : 19, 19>	and	 'and' ]
[<postion object : 19, 23>	id	 'num2' ]
[<postion object : 19, 24>	;	 ';' ]
[<postion object : 20, 1>	}	 '}' ]
[<postion object : 21, 2>	if	 'if' ]
[<postion object : 21, 3>	(	 '(' ]
[<postion object : 21, 5>	id	 'op' ]
[<postion object : 21, 7>	==	 '==' ]
[<postion object : 21, 8>	NUM	 '3' ]
[<postion object : 21, 9>	)	 ')' ]
[<postion object : 22, 1>	{	 '{' ]
[<postion object : 23, 8>	id	 'ans' ]
[<postion object : 23, 9>	=	 '=' ]
[<postion object : 23, 15>	id	 'num1' ]
[<postion object : 23, 18>	or	 'or' ]
[<postion object : 23, 22>	id	 'num2' ]
[<postion object : 23, 23>	;	 ';' ]
[<postion object : 24, 1>	}	 '}' ]
[<postion object : 25, 3>	id	 'put' ]
[<postion object : 25, 4>	(	 '(' ]
[<postion object : 25, 7>	id	 'ans' ]
[<postion object : 25, 8>	)	 ')' ]
[<postion object : 25, 9>	;	 ';' ]
[<postion object : 25, 11>	wrong	 '' ]
